#
# There is insufficient memory for the Java Runtime Environment to continue.
# Native memory allocation (mmap) failed to map 67108864 bytes. Error detail: G1 virtual space
# Possible reasons:
#   The system is out of physical RAM or swap space
#   This process is running with CompressedOops enabled, and the Java Heap may be blocking the growth of the native heap
# Possible solutions:
#   Reduce memory load on the system
#   Increase physical memory or swap space
#   Check if swap backing store is full
#   Decrease Java heap size (-Xmx/-Xms)
#   Decrease number of Java threads
#   Decrease Java thread stack sizes (-Xss)
#   Set larger code cache with -XX:ReservedCodeCacheSize=
#   JVM is running with Unscaled Compressed Oops mode in which the Java heap is
#     placed in the first 4GB address space. The Java Heap base address is the
#     maximum limit for the native heap growth. Please use -XX:HeapBaseMinAddress
#     to set the Java Heap base and to place the Java Heap above 4GB virtual address.
# This output file may be truncated or incomplete.
#
#  Out of Memory Error (os_windows.cpp:3828), pid=3700, tid=1136
#
# JRE version:  (21.0.4+13) (build )
# Java VM: OpenJDK 64-Bit Server VM (21.0.4+13-b509.17, mixed mode, sharing, tiered, compressed oops, compressed class ptrs, g1 gc, windows-amd64)
# No core dump will be written. Minidumps are not enabled by default on client versions of Windows
#

---------------  S U M M A R Y ------------

Command Line: git4idea.http.GitAskPassApp Username for 'https://github.com': 

Host: Intel(R) Xeon(R) Platinum 8272CL CPU @ 2.60GHz, 2 cores, 3G,  Windows 10 , 64 bit Build 19041 (10.0.19041.4842)
Time: Mon Oct 14 10:29:57 2024 Coordinated Universal Time elapsed time: 0.023115 seconds (0d 0h 0m 0s)

---------------  T H R E A D  ---------------

Current thread (0x000001ba96ede5e0):  JavaThread "Unknown thread" [_thread_in_vm, id=1136, stack(0x0000001feaa00000,0x0000001feab00000) (1024K)]

Stack: [0x0000001feaa00000,0x0000001feab00000]
Native frames: (J=compiled Java code, j=interpreted, Vv=VM code, C=native code)
V  [jvm.dll+0x6e36d9]
V  [jvm.dll+0x8c0bd3]
V  [jvm.dll+0x8c312e]
V  [jvm.dll+0x8c3813]
V  [jvm.dll+0x288256]
V  [jvm.dll+0x6dfe65]
V  [jvm.dll+0x6d433a]
V  [jvm.dll+0x36209b]
V  [jvm.dll+0x369c46]
V  [jvm.dll+0x3bbd76]
V  [jvm.dll+0x3bc048]
V  [jvm.dll+0x33485c]
V  [jvm.dll+0x33554b]
V  [jvm.dll+0x888039]
V  [jvm.dll+0x3c8ea8]
V  [jvm.dll+0x8711d8]
V  [jvm.dll+0x45d85e]
V  [jvm.dll+0x45f541]
C  [jli.dll+0x52ab]
C  [ucrtbase.dll+0x21bb2]
C  [KERNEL32.DLL+0x17374]
C  [ntdll.dll+0x4cc91]


---------------  P R O C E S S  ---------------

Threads class SMR info:
_java_thread_list=0x00007ffe616e2108, length=0, elements={
}

Java Threads: ( => current thread )
Total: 0

Other Threads:
  0x000001ba97015200 WorkerThread "GC Thread#0"                     [id=7172, stack(0x0000001feab00000,0x0000001feac00000) (1024K)]
  0x000001ba9701f2b0 ConcurrentGCThread "G1 Main Marker"            [id=7884, stack(0x0000001feac00000,0x0000001fead00000) (1024K)]
  0x000001ba97020610 WorkerThread "G1 Conc#0"                       [id=8092, stack(0x0000001fead00000,0x0000001feae00000) (1024K)]

[error occurred during error reporting (printing all threads), id 0xc0000005, EXCEPTION_ACCESS_VIOLATION (0xc0000005) at pc=0x00007ffe60dd7917]
VM state: not at safepoint (not fully initialized)

VM Mutex/Monitor currently owned by a thread:  ([mutex/lock_event])
[0x00007ffe61756a48] Heap_lock - owner thread: 0x000001ba96ede5e0

Heap address: 0x00000000c0000000, size: 1024 MB, Compressed Oops mode: 32-bit

CDS archive(s) mapped at: [0x0000000000000000-0x0000000000000000-0x0000000000000000), size 0, SharedBaseAddress: 0x0000000800000000, ArchiveRelocationMode: 1.
Narrow klass base: 0x0000000000000000, Narrow klass shift: 0, Narrow klass range: 0x0

GC Precious Log:
 CardTable entry size: 512
 Card Set container configuration: InlinePtr #cards 5 size 8 Array Of Cards #cards 12 size 40 Howl #buckets 4 coarsen threshold 1843 Howl Bitmap #cards 512 size 80 coarsen threshold 460 Card regions per heap region 1 cards per card region 2048

Heap:
 garbage-first heap   total 0K, used 0K [0x00000000c0000000, 0x0000000100000000)
  region size 1024K, 0 young (0K), 0 survivors (0K)
 Metaspace       used 0K, committed 0K, reserved 0K
  class space    used 0K, committed 0K, reserved 0K

Heap Regions: E=young(eden), S=young(survivor), O=old, HS=humongous(starts), HC=humongous(continues), CS=collection set, F=free, TAMS=top-at-mark-start, PB=parsable bottom

Card table byte_map: [0x000001baabcc0000,0x000001baabec0000] _byte_map_base: 0x000001baab6c0000

Marking Bits: (CMBitMap*) 0x000001ba97015810
 Bits: [0x000001baabec0000, 0x000001baacec0000)

GC Heap History (0 events):
No events

Dll operation events (1 events):
Event: 0.014 Loaded shared library C:\Program Files\JetBrains\IntelliJ IDEA Community Edition 2024.2.3\jbr\bin\java.dll

Deoptimization events (0 events):
No events

Classes loaded (0 events):
No events

Classes unloaded (0 events):
No events

Classes redefined (0 events):
No events

Internal exceptions (0 events):
No events

ZGC Phase Switch (0 events):
No events

VM Operations (0 events):
No events

Memory protections (0 events):
No events

Nmethod flushes (0 events):
No events

Events (0 events):
No events


Dynamic libraries:
0x00007ff6dee10000 - 0x00007ff6dee1a000 	C:\Program Files\JetBrains\IntelliJ IDEA Community Edition 2024.2.3\jbr\bin\java.exe
0x00007ffe95830000 - 0x00007ffe95a28000 	C:\Windows\SYSTEM32\ntdll.dll
0x00007ffe93ec0000 - 0x00007ffe93f81000 	C:\Windows\System32\KERNEL32.DLL
0x00007ffe93420000 - 0x00007ffe9371d000 	C:\Windows\System32\KERNELBASE.dll
0x00007ffe931d0000 - 0x00007ffe932d0000 	C:\Windows\System32\ucrtbase.dll
0x00007ffe82560000 - 0x00007ffe8257b000 	C:\Program Files\JetBrains\IntelliJ IDEA Community Edition 2024.2.3\jbr\bin\VCRUNTIME140.dll
0x00007ffe72ec0000 - 0x00007ffe72ed8000 	C:\Program Files\JetBrains\IntelliJ IDEA Community Edition 2024.2.3\jbr\bin\jli.dll
0x00007ffe951c0000 - 0x00007ffe9535d000 	C:\Windows\System32\USER32.dll
0x00007ffe93830000 - 0x00007ffe93852000 	C:\Windows\System32\win32u.dll
0x00007ffe93cd0000 - 0x00007ffe93cfb000 	C:\Windows\System32\GDI32.dll
0x00007ffe92ee0000 - 0x00007ffe92ff7000 	C:\Windows\System32\gdi32full.dll
0x00007ffe932d0000 - 0x00007ffe9336d000 	C:\Windows\System32\msvcp_win.dll
0x00007ffe7ca80000 - 0x00007ffe7cd1a000 	C:\Windows\WinSxS\amd64_microsoft.windows.common-controls_6595b64144ccf1df_6.0.19041.4355_none_60b8b9eb71f62e16\COMCTL32.dll
0x00007ffe94d40000 - 0x00007ffe94dde000 	C:\Windows\System32\msvcrt.dll
0x00007ffe957c0000 - 0x00007ffe957ef000 	C:\Windows\System32\IMM32.DLL
0x00007ffe8c4c0000 - 0x00007ffe8c4cc000 	C:\Program Files\JetBrains\IntelliJ IDEA Community Edition 2024.2.3\jbr\bin\vcruntime140_1.dll
0x00007ffe6aa10000 - 0x00007ffe6aa9d000 	C:\Program Files\JetBrains\IntelliJ IDEA Community Edition 2024.2.3\jbr\bin\msvcp140.dll
0x00007ffe60a90000 - 0x00007ffe61847000 	C:\Program Files\JetBrains\IntelliJ IDEA Community Edition 2024.2.3\jbr\bin\server\jvm.dll
0x00007ffe940c0000 - 0x00007ffe94170000 	C:\Windows\System32\ADVAPI32.dll
0x00007ffe954a0000 - 0x00007ffe95540000 	C:\Windows\System32\sechost.dll
0x00007ffe93f90000 - 0x00007ffe940b3000 	C:\Windows\System32\RPCRT4.dll
0x00007ffe93720000 - 0x00007ffe93747000 	C:\Windows\System32\bcrypt.dll
0x00007ffe95430000 - 0x00007ffe9549b000 	C:\Windows\System32\WS2_32.dll
0x00007ffe92d40000 - 0x00007ffe92d8b000 	C:\Windows\SYSTEM32\POWRPROF.dll
0x00007ffe72ee0000 - 0x00007ffe72f07000 	C:\Windows\SYSTEM32\WINMM.dll
0x00007ffe896b0000 - 0x00007ffe896ba000 	C:\Windows\SYSTEM32\VERSION.dll
0x00007ffe92d20000 - 0x00007ffe92d32000 	C:\Windows\SYSTEM32\UMPDC.dll
0x00007ffe90d80000 - 0x00007ffe90d92000 	C:\Windows\SYSTEM32\kernel.appcore.dll
0x00007ffe8c420000 - 0x00007ffe8c42a000 	C:\Program Files\JetBrains\IntelliJ IDEA Community Edition 2024.2.3\jbr\bin\jimage.dll
0x00007ffe867a0000 - 0x00007ffe86984000 	C:\Windows\SYSTEM32\DBGHELP.DLL
0x00007ffe85ff0000 - 0x00007ffe86024000 	C:\Windows\SYSTEM32\dbgcore.DLL
0x00007ffe93750000 - 0x00007ffe937d2000 	C:\Windows\System32\bcryptPrimitives.dll
0x00007ffe7c050000 - 0x00007ffe7c06f000 	C:\Program Files\JetBrains\IntelliJ IDEA Community Edition 2024.2.3\jbr\bin\java.dll

dbghelp: loaded successfully - version: 4.0.5 - missing functions: none
symbol engine: initialized successfully - sym options: 0x614 - pdb path: .;C:\Program Files\JetBrains\IntelliJ IDEA Community Edition 2024.2.3\jbr\bin;C:\Windows\SYSTEM32;C:\Windows\WinSxS\amd64_microsoft.windows.common-controls_6595b64144ccf1df_6.0.19041.4355_none_60b8b9eb71f62e16;C:\Program Files\JetBrains\IntelliJ IDEA Community Edition 2024.2.3\jbr\bin\server

VM Arguments:
java_command: git4idea.http.GitAskPassApp Username for 'https://github.com': 
java_class_path (initial): C:/Program Files/JetBrains/IntelliJ IDEA Community Edition 2024.2.3/plugins/vcs-git/lib/git4idea-rt.jar;C:/Program Files/JetBrains/IntelliJ IDEA Community Edition 2024.2.3/lib/externalProcess-rt.jar
Launcher Type: SUN_STANDARD

[Global flags]
     intx CICompilerCount                          = 2                                         {product} {ergonomic}
     uint ConcGCThreads                            = 1                                         {product} {ergonomic}
     uint G1ConcRefinementThreads                  = 2                                         {product} {ergonomic}
   size_t G1HeapRegionSize                         = 1048576                                   {product} {ergonomic}
    uintx GCDrainStackTargetSize                   = 64                                        {product} {ergonomic}
   size_t InitialHeapSize                          = 67108864                                  {product} {ergonomic}
   size_t MarkStackSize                            = 4194304                                   {product} {ergonomic}
   size_t MaxHeapSize                              = 1073741824                                {product} {ergonomic}
   size_t MinHeapDeltaBytes                        = 1048576                                   {product} {ergonomic}
   size_t MinHeapSize                              = 8388608                                   {product} {ergonomic}
    uintx NonNMethodCodeHeapSize                   = 5826188                                {pd product} {ergonomic}
    uintx NonProfiledCodeHeapSize                  = 122916026                              {pd product} {ergonomic}
    uintx ProfiledCodeHeapSize                     = 122916026                              {pd product} {ergonomic}
    uintx ReservedCodeCacheSize                    = 251658240                              {pd product} {ergonomic}
     bool SegmentedCodeCache                       = true                                      {product} {ergonomic}
   size_t SoftMaxHeapSize                          = 1073741824                             {manageable} {ergonomic}
     bool UseCompressedOops                        = true                           {product lp64_product} {ergonomic}
     bool UseG1GC                                  = true                                      {product} {ergonomic}
     bool UseLargePagesIndividualAllocation        = false                                  {pd product} {ergonomic}

Logging:
Log output configuration:
 #0: stdout all=warning uptime,level,tags foldmultilines=false
 #1: stderr all=off uptime,level,tags foldmultilines=false

Environment Variables:
PATH=C:\Program Files\Git\mingw64\libexec\git-core;C:\Program Files\Git\mingw64\libexec\git-core;C:\Program Files\Git\mingw64\bin;C:\Program Files\Git\usr\bin;C:\Users\schitade\bin;C:\Program Files\Common Files\Oracle\Java\javapath;C:\Windows\system32;C:\Windows;C:\Windows\System32\Wbem;C:\Windows\System32\WindowsPowerShell\v1.0;C:\Windows\System32\OpenSSH;C:\Program Files\Git\cmd;C:\Program Files\Git\mingw64\bin;C:\Program Files\Git\usr\bin;C:\Program Files\Java\jdk-21\bin;C:\apache-maven-3.9.9-bin\apache-maven-3.9.9\bin;C:\Users\schitade\AppData\Local\Microsoft\WindowsApps;C:\Program Files\JetBrains\IntelliJ IDEA Community Edition 2024.2.3\bin
USERNAME=schitade
DISPLAY=:0.0
LC_ALL=en_US.UTF-8
TERM=xterm-256color
TMPDIR=C:\Users\schitade\AppData\Local\Temp
OS=Windows_NT
PROCESSOR_IDENTIFIER=Intel64 Family 6 Model 85 Stepping 7, GenuineIntel
TMP=C:\Users\schitade\AppData\Local\Temp
TEMP=C:\Users\schitade\AppData\Local\Temp




Periodic native trim disabled

JNI global refs:
JNI global refs: 0, weak refs: 0

JNI global refs memory usage: 0, weak refs: 0

Process memory usage:
Resident Set Size: 10460K (0% of 4193156K total physical memory with 315272K free physical memory)

OOME stack traces (most recent first):
Classloader memory used:

---------------  S Y S T E M  ---------------

OS:
 Windows 10 , 64 bit Build 19041 (10.0.19041.4842)
OS uptime: 0 days 6:25 hours
Hyper-V virtualization detected

CPU: total 2 (initial active 2) (2 cores per cpu, 1 threads per core) family 6 model 85 stepping 7 microcode 0xffffffff, cx8, cmov, fxsr, mmx, 3dnowpref, sse, sse2, sse3, ssse3, sse4.1, sse4.2, popcnt, lzcnt, tsc, avx, avx2, aes, erms, clmul, bmi1, bmi2, rtm, adx, avx512f, avx512dq, avx512cd, avx512bw, avx512vl, fma, vzeroupper, clflush, clflushopt, hv, rdtscp, f16c
Processor Information for all 2 processors :
  Max Mhz: 2594, Current Mhz: 2594, Mhz Limit: 2594

Memory: 4k page, system-wide physical 4094M (307M free)
TotalPageFile size 5118M (AvailPageFile size 51M)
current process WorkingSet (physical memory assigned to process): 10M, peak: 10M
current process commit charge ("private bytes"): 47M, peak: 111M

vm_info: OpenJDK 64-Bit Server VM (21.0.4+13-b509.17) for windows-amd64 JRE (21.0.4+13-b509.17), built on 2024-09-04 by "builduser" with MS VC++ 16.10 / 16.11 (VS2019)

END.
